0 info it worked if it ends with ok
1 verbose cli [ 'C:\\Program Files\\nodejs\\node.exe',
1 verbose cli   'C:\\Program Files\\nodejs\\node_modules\\npm\\bin\\npm-cli.js',
1 verbose cli   'start' ]
2 info using npm@4.1.2
3 info using node@v7.7.2
4 verbose run-script [ 'prestart', 'start', 'poststart' ]
5 info lifecycle nodejs_web@1.0.0~prestart: nodejs_web@1.0.0
6 silly lifecycle nodejs_web@1.0.0~prestart: no script for prestart, continuing
7 info lifecycle nodejs_web@1.0.0~start: nodejs_web@1.0.0
8 verbose lifecycle nodejs_web@1.0.0~start: unsafe-perm in lifecycle true
9 verbose lifecycle nodejs_web@1.0.0~start: PATH: C:\Program Files\nodejs\node_modules\npm\bin\node-gyp-bin;C:\Users\kyawsithu\Desktop\NodejsWeb\node_modules\.bin;C:\Perl64\site\bin;C:\Perl64\bin;C:\Program Files (x86)\Python35-32\Lib;C:\Windows\system32;C:\Windows;C:\Windows\System32\Wbem;C:\Windows\System32\WindowsPowerShell\v1.0\;C:\Program Files (x86)\AMD\ATI.ACE\Core-Static;C:\Program Files\Intel\WiFi\bin\;C:\Program Files\Common Files\Intel\WirelessCommon\;D:\Android\sdk;D:\Android\sdk\platform-tools;C:\Program Files (x86)\Python35-32\python;C:\Program Files (x86)\Python35-32\Lib\site-packages;C:\Users\kyawsithu\AppData\Local\Microsoft\WindowsApps;C:\Program Files (x86)\Python35-32;C:\adb;C:\Program Files\Microsoft SQL Server\Client SDK\ODBC\130\Tools\Binn\;C:\Program Files (x86)\Microsoft SQL Server\130\Tools\Binn\;C:\Program Files\Microsoft SQL Server\130\Tools\Binn\;C:\Program Files\Microsoft SQL Server\130\DTS\Binn\;C:\Program Files (x86)\Microsoft SQL Server\Client SDK\ODBC\130\Tools\Binn\;C:\Program Files (x86)\Microsoft SQL Server\130\DTS\Binn\;C:\Program Files (x86)\Microsoft SQL Server\130\Tools\Binn\ManagementStudio\;C:\Program Files (x86)\Python35-32\Scripts;C:\Users\kyawsithu\.atom;C:\Program Files\nodejs\;C:\WINDOWS\system32;C:\WINDOWS;C:\WINDOWS\System32\Wbem;C:\WINDOWS\System32\WindowsPowerShell\v1.0\;"C:\WINDOWS\system32\config\systemprofile\AppData\Roaming\npm\node_modules\express-gener‌​ator; C:\WINDOWS\system32\config\systemprofile\A‌​ppData\Roaming\npm;%‌​USERPROFILE%\AppData‌​\Roaming\npm\node_mo‌​dules";C:\Program Files\Git\cmd;C:\Users\kyawsithu!\AppData\Local\Microsoft\WindowsApps;C:\Program Files\Intel\WiFi\bin\;C:\Program Files\Common Files\Intel\WirelessCommon\;D:\Android\sdk\platform-tools;C:\Program Files (x86)\Python35-32;C:\Users\kyawsithu!\AppData\Local\atom\bin;C:\Program Files (x86)\Markdown Monster;C:\Users\kyawsithu!\AppData\Roaming\npm;C:\Users\kyawsithu\AppData\Local\atom\bin;C:\Users\kyawsithu\AppData\Local\Microsoft\WindowsApps;"C:\Users\kyawsithu\AppData\Roaming\npm\node_modules\express-gener??ator;C:\Users\kyawsithu\A??ppData\Roaming\npm;%??USERPROFILE%\AppData??\Roaming\npm\node_mo??dules;C:\Users\kyawsithu\AppData\Roaming\npm\node_modules\express";C:\Program Files\Heroku\bin
10 verbose lifecycle nodejs_web@1.0.0~start: CWD: C:\Users\kyawsithu\Desktop\NodejsWeb
11 silly lifecycle nodejs_web@1.0.0~start: Args: [ '/d /s /c', 'node server.js' ]
12 silly lifecycle nodejs_web@1.0.0~start: Returned: code: 1  signal: null
13 info lifecycle nodejs_web@1.0.0~start: Failed to exec start script
14 verbose stack Error: nodejs_web@1.0.0 start: `node server.js`
14 verbose stack Exit status 1
14 verbose stack     at EventEmitter.<anonymous> (C:\Program Files\nodejs\node_modules\npm\lib\utils\lifecycle.js:279:16)
14 verbose stack     at emitTwo (events.js:106:13)
14 verbose stack     at EventEmitter.emit (events.js:194:7)
14 verbose stack     at ChildProcess.<anonymous> (C:\Program Files\nodejs\node_modules\npm\lib\utils\spawn.js:40:14)
14 verbose stack     at emitTwo (events.js:106:13)
14 verbose stack     at ChildProcess.emit (events.js:194:7)
14 verbose stack     at maybeClose (internal/child_process.js:899:16)
14 verbose stack     at Process.ChildProcess._handle.onexit (internal/child_process.js:226:5)
15 verbose pkgid nodejs_web@1.0.0
16 verbose cwd C:\Users\kyawsithu\Desktop\NodejsWeb
17 error Windows_NT 10.0.15063
18 error argv "C:\\Program Files\\nodejs\\node.exe" "C:\\Program Files\\nodejs\\node_modules\\npm\\bin\\npm-cli.js" "start"
19 error node v7.7.2
20 error npm  v4.1.2
21 error code ELIFECYCLE
22 error nodejs_web@1.0.0 start: `node server.js`
22 error Exit status 1
23 error Failed at the nodejs_web@1.0.0 start script 'node server.js'.
23 error Make sure you have the latest version of node.js and npm installed.
23 error If you do, this is most likely a problem with the nodejs_web package,
23 error not with npm itself.
23 error Tell the author that this fails on your system:
23 error     node server.js
23 error You can get information on how to open an issue for this project with:
23 error     npm bugs nodejs_web
23 error Or if that isn't available, you can get their info via:
23 error     npm owner ls nodejs_web
23 error There is likely additional logging output above.
24 verbose exit [ 1, true ]
